<?xml version="1.0" encoding="UTF-8"?>
<!-- Generated by org.testng.reporters.JUnitReportReporter -->
<testsuite hostname="DESKTOP-PH4015D" failures="0" tests="1" name="Test_NG.DeleteProductTest" time="87.914" errors="0" timestamp="2025-04-04T13:26:06 IST" skipped="0">
  <testcase classname="Test_NG.DeleteProductTest" name="DeleteProductTest" time="87.914"/>
  <system-out/>
</testsuite> <!-- Test_NG.DeleteProductTest -->
