<?xml version="1.0" encoding="UTF-8"?>
<!-- Generated by org.testng.reporters.JUnitReportReporter -->
<testsuite hostname="DESKTOP-PH4015D" failures="0" tests="1" name="Test_NG.CreateOrgTest" time="71.513" errors="0" timestamp="2025-04-08T20:06:43 IST" skipped="0">
  <testcase classname="Test_NG.CreateOrgTest" name="CreateOrg" time="71.513"/>
  <system-out/>
</testsuite> <!-- Test_NG.CreateOrgTest -->
