<?xml version="1.0" encoding="UTF-8"?>
<!-- Generated by org.testng.reporters.JUnitReportReporter -->
<testsuite hostname="DESKTOP-PH4015D" failures="0" tests="1" name="Test_NG.CreateProductTest" time="76.801" errors="0" timestamp="2025-04-08T19:46:14 IST" skipped="0">
  <testcase classname="Test_NG.CreateProductTest" name="CreateProductTest" time="76.801"/>
  <system-out/>
</testsuite> <!-- Test_NG.CreateProductTest -->
