<?xml version="1.0" encoding="UTF-8"?>
<!-- Generated by org.testng.reporters.JUnitReportReporter -->
<testsuite hostname="DESKTOP-PH4015D" failures="0" tests="3" name="Test_NG.DataProviderex2" time="193.448" errors="0" timestamp="2025-04-05T20:47:09 IST" skipped="0">
  <testcase classname="Test_NG.DataProviderex2" name="CreateContact" time="55.471"/>
  <system-out/>
  <testcase classname="Test_NG.DataProviderex2" name="CreateContact" time="62.220"/>
  <system-out/>
  <testcase classname="Test_NG.DataProviderex2" name="CreateContact" time="75.757"/>
  <system-out/>
</testsuite> <!-- Test_NG.DataProviderex2 -->
