<?xml version="1.0" encoding="UTF-8"?>
<!-- Generated by org.testng.reporters.JUnitReportReporter -->
<testsuite hostname="DESKTOP-PH4015D" failures="0" tests="3" name="Test_NG.DataProviderex1" time="0.081" errors="0" timestamp="2025-04-05T20:01:38 IST" skipped="0">
  <testcase classname="Test_NG.DataProviderex1" name="bookTickets" time="0.058"/>
  <system-out/>
  <testcase classname="Test_NG.DataProviderex1" name="bookTickets" time="0.013"/>
  <system-out/>
  <testcase classname="Test_NG.DataProviderex1" name="bookTickets" time="0.010"/>
  <system-out/>
</testsuite> <!-- Test_NG.DataProviderex1 -->
